<?xml version="1.0" encoding="UTF-8"?>
<!-- Generated by org.testng.reporters.JUnitXMLReporter -->
<testsuite hostname="LAPTOP-RIV9S4I9" ignored="0" name="Default test" tests="6" failures="0" timestamp="12 Apr 2019 09:16:31 GMT" time="0.145" errors="0">
  <testcase name="c" time="0.018" classname="week5Day2.DailyQuestion"/>
  <testcase name="d" time="0.003" classname="week5Day2.DailyQuestion"/>
  <testcase name="e" time="0.001" classname="week5Day2.DailyQuestion"/>
  <testcase name="f" time="0.006" classname="week5Day2.DailyQuestion"/>
  <testcase name="a" time="0.006" classname="week5Day2.DailyQuestion"/>
  <testcase name="b" time="0.002" classname="week5Day2.DailyQuestion"/>
</testsuite> <!-- Default test -->
