<?xml version="1.0" encoding="UTF-8"?>
<testng-results skipped="0" failed="0" ignored="0" total="6" passed="6">
  <reporter-output>
  </reporter-output>
  <suite name="Default suite" duration-ms="145" started-at="2019-04-12T09:16:31Z" finished-at="2019-04-12T09:16:31Z">
    <groups>
    </groups>
    <test name="Default test" duration-ms="145" started-at="2019-04-12T09:16:31Z" finished-at="2019-04-12T09:16:31Z">
      <class name="week5Day2.DailyQuestion">
        <test-method status="PASS" signature="c()[pri:0, instance:week5Day2.DailyQuestion@4f30ec]" name="c" duration-ms="18" started-at="2019-04-12T09:16:31Z" finished-at="2019-04-12T09:16:31Z">
          <reporter-output>
          </reporter-output>
        </test-method> <!-- c -->
        <test-method status="PASS" signature="d()[pri:0, instance:week5Day2.DailyQuestion@4f30ec]" name="d" duration-ms="3" started-at="2019-04-12T09:16:31Z" finished-at="2019-04-12T09:16:31Z">
          <reporter-output>
          </reporter-output>
        </test-method> <!-- d -->
        <test-method status="PASS" signature="e()[pri:0, instance:week5Day2.DailyQuestion@4f30ec]" name="e" duration-ms="1" started-at="2019-04-12T09:16:31Z" finished-at="2019-04-12T09:16:31Z">
          <reporter-output>
          </reporter-output>
        </test-method> <!-- e -->
        <test-method status="PASS" signature="f()[pri:0, instance:week5Day2.DailyQuestion@4f30ec]" name="f" duration-ms="6" started-at="2019-04-12T09:16:31Z" finished-at="2019-04-12T09:16:31Z">
          <reporter-output>
          </reporter-output>
        </test-method> <!-- f -->
        <test-method status="PASS" signature="a()[pri:0, instance:week5Day2.DailyQuestion@4f30ec]" name="a" duration-ms="6" started-at="2019-04-12T09:16:31Z" finished-at="2019-04-12T09:16:31Z">
          <reporter-output>
          </reporter-output>
        </test-method> <!-- a -->
        <test-method status="PASS" signature="b()[pri:0, instance:week5Day2.DailyQuestion@4f30ec]" name="b" duration-ms="2" started-at="2019-04-12T09:16:31Z" depends-on-methods="week5Day2.DailyQuestion.c" finished-at="2019-04-12T09:16:31Z">
          <reporter-output>
          </reporter-output>
        </test-method> <!-- b -->
      </class> <!-- week5Day2.DailyQuestion -->
    </test> <!-- Default test -->
  </suite> <!-- Default suite -->
</testng-results>
